[
{
  "elements": [
    {
      "keyword": "Scenario",
      "location": "Requisito6.feature:3",
      "name": "Generar una cotizaci\u00f3n detallada",
      "status": "passed",
      "steps": [
        {
          "keyword": "Given",
          "location": "Requisito6.feature:4",
          "match": {
            "arguments": [],
            "location": "pruebaSteps.py:19"
          },
          "name": "navego a la p\u00e1gina de cotizaci\u00f3n",
          "result": {
            "duration": 4.689346551895142,
            "status": "passed"
          },
          "step_type": "given"
        },
        {
          "keyword": "When",
          "location": "Requisito6.feature:5",
          "match": {
            "arguments": [],
            "location": "pruebaSteps.py:26"
          },
          "name": "selecciono un servicio y una fecha y genero la cotizaci\u00f3n",
          "result": {
            "duration": 0.35893845558166504,
            "status": "passed"
          },
          "step_type": "when"
        },
        {
          "keyword": "Then",
          "location": "Requisito6.feature:6",
          "match": {
            "arguments": [],
            "location": "pruebaSteps.py:39"
          },
          "name": "deber\u00eda ver la cotizaci\u00f3n detallada",
          "result": {
            "duration": 7.287919759750366,
            "status": "passed"
          },
          "step_type": "then"
        }
      ],
      "tags": [],
      "type": "scenario"
    },
    {
      "keyword": "Scenario",
      "location": "Requisito6.feature:8",
      "name": "Generar una cotizaci\u00f3n sin llenar todos los campos",
      "status": "failed",
      "steps": [
        {
          "keyword": "Given",
          "location": "Requisito6.feature:9",
          "match": {
            "arguments": [],
            "location": "pruebaSteps.py:19"
          },
          "name": "navego a la p\u00e1gina de cotizaci\u00f3n",
          "result": {
            "duration": 4.485059022903442,
            "status": "passed"
          },
          "step_type": "given"
        },
        {
          "keyword": "When",
          "location": "Requisito6.feature:10",
          "match": {
            "arguments": [],
            "location": "pruebaSteps.py:54"
          },
          "name": "no lleno todos los campos y genero la cotizaci\u00f3n",
          "result": {
            "duration": 0.32925987243652344,
            "status": "passed"
          },
          "step_type": "when"
        },
        {
          "keyword": "Then",
          "location": "Requisito6.feature:11",
          "match": {
            "arguments": [],
            "location": "pruebaSteps.py:62"
          },
          "name": "deber\u00eda ver un mensaje de error",
          "result": {
            "duration": 8.265577793121338,
            "error_message": [
              "Traceback (most recent call last):",
              "  File \"C:\\Users\\HP\\Documents\\ARCHIVOS_GIT\\PRUEBAS_CUCUMBER\\venv\\Lib\\site-packages\\behave\\model.py\", line 1329, in run",
              "    match.run(runner.context)",
              "  File \"C:\\Users\\HP\\Documents\\ARCHIVOS_GIT\\PRUEBAS_CUCUMBER\\venv\\Lib\\site-packages\\behave\\matchers.py\", line 98, in run",
              "    self.func(context, *args, **kwargs)",
              "  File \"pruebaSteps.py\", line 75, in step_impl",
              "    raise e",
              "  File \"pruebaSteps.py\", line 71, in step_impl",
              "    take_screenshot(context, 'despues_de_ver_mensaje_de_error')",
              "  File \"pruebaSteps.py\", line 17, in take_screenshot",
              "    context.driver.save_screenshot(screenshot_path)",
              "  File \"C:\\Users\\HP\\Documents\\ARCHIVOS_GIT\\PRUEBAS_CUCUMBER\\venv\\Lib\\site-packages\\selenium\\webdriver\\remote\\webdriver.py\", line 829, in save_screenshot",
              "    return self.get_screenshot_as_file(filename)",
              "           ^^^^^^^^^^^^^^^^^^^^^^^^^^^^^^^^^^^^^",
              "  File \"C:\\Users\\HP\\Documents\\ARCHIVOS_GIT\\PRUEBAS_CUCUMBER\\venv\\Lib\\site-packages\\selenium\\webdriver\\remote\\webdriver.py\", line 805, in get_screenshot_as_file",
              "    png = self.get_screenshot_as_png()",
              "          ^^^^^^^^^^^^^^^^^^^^^^^^^^^^",
              "  File \"C:\\Users\\HP\\Documents\\ARCHIVOS_GIT\\PRUEBAS_CUCUMBER\\venv\\Lib\\site-packages\\selenium\\webdriver\\remote\\webdriver.py\", line 839, in get_screenshot_as_png",
              "    return b64decode(self.get_screenshot_as_base64().encode(\"ascii\"))",
              "                     ^^^^^^^^^^^^^^^^^^^^^^^^^^^^^^^",
              "  File \"C:\\Users\\HP\\Documents\\ARCHIVOS_GIT\\PRUEBAS_CUCUMBER\\venv\\Lib\\site-packages\\selenium\\webdriver\\remote\\webdriver.py\", line 850, in get_screenshot_as_base64",
              "    return self.execute(Command.SCREENSHOT)[\"value\"]",
              "           ^^^^^^^^^^^^^^^^^^^^^^^^^^^^^^^^",
              "  File \"C:\\Users\\HP\\Documents\\ARCHIVOS_GIT\\PRUEBAS_CUCUMBER\\venv\\Lib\\site-packages\\selenium\\webdriver\\remote\\webdriver.py\", line 354, in execute",
              "    self.error_handler.check_response(response)",
              "  File \"C:\\Users\\HP\\Documents\\ARCHIVOS_GIT\\PRUEBAS_CUCUMBER\\venv\\Lib\\site-packages\\selenium\\webdriver\\remote\\errorhandler.py\", line 228, in check_response",
              "    raise exception_class(message, screen, stacktrace, alert_text)  # type: ignore[call-arg]  # mypy is not smart enough here",
              "    ^^^^^^^^^^^^^^^^^^^^^^^^^^^^^^^^^^^^^^^^^^^^^^^^^^^^^^^^^^^^^^",
              "selenium.common.exceptions.UnexpectedAlertPresentException: Alert Text: Por favor, complete todos los campos.",
              "Message: unexpected alert open: {Alert text : Por favor, complete todos los campos.}",
              "  (Session info: chrome=127.0.6533.89)",
              "Stacktrace:",
              "\tGetHandleVerifier [0x00448923+23283]",
              "\t(No symbol) [0x0040E934]",
              "\t(No symbol) [0x00340733]",
              "\t(No symbol) [0x003BD2B5]",
              "\t(No symbol) [0x003A41B6]",
              "\t(No symbol) [0x00378017]",
              "\t(No symbol) [0x0037890D]",
              "\tGetHandleVerifier [0x0053A5E3+1013683]",
              "\tGetHandleVerifier [0x00543E3C+1052684]",
              "\tGetHandleVerifier [0x0053D4A4+1025652]",
              "\tGetHandleVerifier [0x0046EA2B+179195]",
              "\t(No symbol) [0x00416833]",
              "\t(No symbol) [0x00413198]",
              "\t(No symbol) [0x00413337]",
              "\t(No symbol) [0x0040B4BE]",
              "\tBaseThreadInitThunk [0x75AD7BA9+25]",
              "\tRtlInitializeExceptionChain [0x77BBC10B+107]",
              "\tRtlClearBits [0x77BBC08F+191]",
              "",
              "",
              "Captured logging:",
              "INFO:WDM:====== WebDriver manager ======",
              "INFO:WDM:Get LATEST chromedriver version for google-chrome",
              "INFO:WDM:Get LATEST chromedriver version for google-chrome",
              "INFO:WDM:Driver [C:\\Users\\HP\\.wdm\\drivers\\chromedriver\\win64\\127.0.6533.99\\chromedriver-win32/chromedriver.exe] found in cache"
            ],
            "status": "failed"
          },
          "step_type": "then"
        }
      ],
      "tags": [],
      "type": "scenario"
    },
    {
      "keyword": "Scenario",
      "location": "Requisito6.feature:13",
      "name": "Generar una cotizaci\u00f3n con extras",
      "status": "failed",
      "steps": [
        {
          "keyword": "Given",
          "location": "Requisito6.feature:14",
          "match": {
            "arguments": [],
            "location": "pruebaSteps.py:19"
          },
          "name": "navego a la p\u00e1gina de cotizaci\u00f3n",
          "result": {
            "duration": 4.446987867355347,
            "status": "passed"
          },
          "step_type": "given"
        },
        {
          "keyword": "When",
          "location": "Requisito6.feature:15",
          "name": "selecciono un servicio, una fecha, y extras y genero la cotizaci\u00f3n",
          "result": {
            "duration": 0,
            "status": "undefined"
          },
          "step_type": "when"
        },
        {
          "keyword": "Then",
          "location": "Requisito6.feature:16",
          "name": "deber\u00eda ver la cotizaci\u00f3n detallada con los extras",
          "step_type": "then"
        }
      ],
      "tags": [],
      "type": "scenario"
    },
    {
      "keyword": "Scenario",
      "location": "Requisito6.feature:18",
      "name": "Generar una cotizaci\u00f3n sin seleccionar servicio",
      "status": "failed",
      "steps": [
        {
          "keyword": "Given",
          "location": "Requisito6.feature:19",
          "match": {
            "arguments": [],
            "location": "pruebaSteps.py:19"
          },
          "name": "navego a la p\u00e1gina de cotizaci\u00f3n",
          "result": {
            "duration": 4.443294048309326,
            "status": "passed"
          },
          "step_type": "given"
        },
        {
          "keyword": "When",
          "location": "Requisito6.feature:20",
          "match": {
            "arguments": [],
            "location": "pruebaSteps.py:111"
          },
          "name": "genero la cotizaci\u00f3n sin seleccionar servicio",
          "result": {
            "duration": 0.2982628345489502,
            "status": "passed"
          },
          "step_type": "when"
        },
        {
          "keyword": "Then",
          "location": "Requisito6.feature:21",
          "match": {
            "arguments": [],
            "location": "pruebaSteps.py:122"
          },
          "name": "deber\u00eda ver un mensaje de error por falta de servicio",
          "result": {
            "duration": 7.294217586517334,
            "error_message": [
              "Traceback (most recent call last):",
              "  File \"C:\\Users\\HP\\Documents\\ARCHIVOS_GIT\\PRUEBAS_CUCUMBER\\venv\\Lib\\site-packages\\behave\\model.py\", line 1329, in run",
              "    match.run(runner.context)",
              "  File \"C:\\Users\\HP\\Documents\\ARCHIVOS_GIT\\PRUEBAS_CUCUMBER\\venv\\Lib\\site-packages\\behave\\matchers.py\", line 98, in run",
              "    self.func(context, *args, **kwargs)",
              "  File \"pruebaSteps.py\", line 136, in step_impl",
              "    raise e",
              "  File \"pruebaSteps.py\", line 129, in step_impl",
              "    alert_text = alert.text",
              "                 ^^^^^^^^^^",
              "  File \"C:\\Users\\HP\\Documents\\ARCHIVOS_GIT\\PRUEBAS_CUCUMBER\\venv\\Lib\\site-packages\\selenium\\webdriver\\common\\alert.py\", line 58, in text",
              "    return self.driver.execute(Command.W3C_GET_ALERT_TEXT)[\"value\"]",
              "           ^^^^^^^^^^^^^^^^^^^^^^^^^^^^^^^^^^^^^^^^^^^^^^^",
              "  File \"C:\\Users\\HP\\Documents\\ARCHIVOS_GIT\\PRUEBAS_CUCUMBER\\venv\\Lib\\site-packages\\selenium\\webdriver\\remote\\webdriver.py\", line 354, in execute",
              "    self.error_handler.check_response(response)",
              "  File \"C:\\Users\\HP\\Documents\\ARCHIVOS_GIT\\PRUEBAS_CUCUMBER\\venv\\Lib\\site-packages\\selenium\\webdriver\\remote\\errorhandler.py\", line 229, in check_response",
              "    raise exception_class(message, screen, stacktrace)",
              "selenium.common.exceptions.NoAlertPresentException: Message: no such alert",
              "  (Session info: chrome=127.0.6533.89)",
              "Stacktrace:",
              "\tGetHandleVerifier [0x00448923+23283]",
              "\t(No symbol) [0x0040E934]",
              "\t(No symbol) [0x003405AD]",
              "\t(No symbol) [0x0032E688]",
              "\t(No symbol) [0x0034F423]",
              "\t(No symbol) [0x0035D7D2]",
              "\t(No symbol) [0x003A44B4]",
              "\t(No symbol) [0x0035D631]",
              "\t(No symbol) [0x003A41B6]",
              "\t(No symbol) [0x00378017]",
              "\t(No symbol) [0x0037890D]",
              "\tGetHandleVerifier [0x0053A5E3+1013683]",
              "\tGetHandleVerifier [0x00543E3C+1052684]",
              "\tGetHandleVerifier [0x0053D4A4+1025652]",
              "\tGetHandleVerifier [0x0046EA2B+179195]",
              "\t(No symbol) [0x00416833]",
              "\t(No symbol) [0x00413198]",
              "\t(No symbol) [0x00413337]",
              "\t(No symbol) [0x0040B4BE]",
              "\tBaseThreadInitThunk [0x75AD7BA9+25]",
              "\tRtlInitializeExceptionChain [0x77BBC10B+107]",
              "\tRtlClearBits [0x77BBC08F+191]",
              "",
              "",
              "Captured logging:",
              "INFO:WDM:====== WebDriver manager ======",
              "INFO:WDM:Get LATEST chromedriver version for google-chrome",
              "INFO:WDM:Get LATEST chromedriver version for google-chrome",
              "INFO:WDM:Driver [C:\\Users\\HP\\.wdm\\drivers\\chromedriver\\win64\\127.0.6533.99\\chromedriver-win32/chromedriver.exe] found in cache"
            ],
            "status": "failed"
          },
          "step_type": "then"
        }
      ],
      "tags": [],
      "type": "scenario"
    }
  ],
  "keyword": "Feature",
  "location": "Requisito6.feature:1",
  "name": "Cotizaci\u00f3n Automatica",
  "status": "failed",
  "tags": []
}
]
